2023-11-24 20:02:56.191 INFO  [main] com.interventure.task.ProductServiceApplication ---   : Starting ProductServiceApplication using Java 21.0.1 with PID 55496 (/Users/bojana/Downloads/product-service-bojana-glisovic/target/classes started by bojana in /Users/bojana/Downloads/product-service-bojana-glisovic)
2023-11-24 20:02:56.191 DEBUG [main] com.interventure.task.ProductServiceApplication ---   : Running with Spring Boot v3.1.5, Spring v6.0.13
2023-11-24 20:02:56.192 INFO  [main] com.interventure.task.ProductServiceApplication ---   : No active profile set, falling back to 1 default profile: "default"
2023-11-24 20:02:56.594 INFO  [main] org.springframework.data.repository.config.RepositoryConfigurationDelegate ---   : Bootstrapping Spring Data JPA repositories in DEFAULT mode.
2023-11-24 20:02:56.631 INFO  [main] org.springframework.data.repository.config.RepositoryConfigurationDelegate ---   : Finished Spring Data repository scanning in 31 ms. Found 1 JPA repository interfaces.
2023-11-24 20:02:57.178 INFO  [main] org.springframework.boot.web.embedded.tomcat.TomcatWebServer ---   : Tomcat initialized with port(s): 8081 (http)
2023-11-24 20:02:57.184 INFO  [main] org.apache.catalina.core.StandardService ---   : Starting service [Tomcat]
2023-11-24 20:02:57.184 INFO  [main] org.apache.catalina.core.StandardEngine ---   : Starting Servlet engine: [Apache Tomcat/10.1.15]
2023-11-24 20:02:57.249 INFO  [main] org.apache.catalina.core.ContainerBase.[Tomcat].[localhost].[/] ---   : Initializing Spring embedded WebApplicationContext
2023-11-24 20:02:57.250 INFO  [main] org.springframework.boot.web.servlet.context.ServletWebServerApplicationContext ---   : Root WebApplicationContext: initialization completed in 1028 ms
2023-11-24 20:02:57.563 INFO  [main] org.springframework.orm.jpa.persistenceunit.SpringPersistenceUnitInfo ---   : No LoadTimeWeaver setup: ignoring JPA class transformer
2023-11-24 20:02:57.584 INFO  [main] com.zaxxer.hikari.HikariDataSource ---   : HikariPool-1 - Starting...
2023-11-24 20:02:57.822 INFO  [main] com.zaxxer.hikari.pool.HikariPool ---   : HikariPool-1 - Added connection com.mysql.cj.jdbc.ConnectionImpl@4ae49387
2023-11-24 20:02:57.823 INFO  [main] com.zaxxer.hikari.HikariDataSource ---   : HikariPool-1 - Start completed.
2023-11-24 20:02:58.414 INFO  [main] org.springframework.orm.jpa.LocalContainerEntityManagerFactoryBean ---   : Initialized JPA EntityManagerFactory for persistence unit 'default'
2023-11-24 20:02:58.696 WARN  [main] org.springframework.boot.autoconfigure.orm.jpa.JpaBaseConfiguration$JpaWebConfiguration ---   : spring.jpa.open-in-view is enabled by default. Therefore, database queries may be performed during view rendering. Explicitly configure spring.jpa.open-in-view to disable this warning
2023-11-24 20:02:59.070 INFO  [main] org.springframework.boot.web.embedded.tomcat.TomcatWebServer ---   : Tomcat started on port(s): 8081 (http) with context path ''
2023-11-24 20:02:59.076 INFO  [main] com.interventure.task.ProductServiceApplication ---   : Started ProductServiceApplication in 3.152 seconds (process running for 3.426)
2023-11-24 20:03:24.841 INFO  [http-nio-8081-exec-1] org.apache.catalina.core.ContainerBase.[Tomcat].[localhost].[/] ---   : Initializing Spring DispatcherServlet 'dispatcherServlet'
2023-11-24 20:03:24.926 DEBUG [http-nio-8081-exec-1] com.interventure.task.controller.ProductController ---  productRequest=CreateProductRequest(name=hh, price=7.0) : add product called
2023-11-24 20:03:24.927 DEBUG [http-nio-8081-exec-1] com.interventure.task.service.impl.ProductServiceImpl ---  productRequest=CreateProductRequest(name=hh, price=7.0), methodName=createProduct, className=ProductServiceImpl : create product called
2023-11-24 20:03:25.027 ERROR [http-nio-8081-exec-1] org.hibernate.engine.jdbc.spi.SqlExceptionHelper ---  productRequest=CreateProductRequest(name=hh, price=7.0), methodName=createProduct, className=ProductServiceImpl : Duplicate entry 'hh' for key 'product.UK_jmivyxk9rmgysrmsqw15lqr5b'
2023-11-24 20:03:31.129 DEBUG [http-nio-8081-exec-4] com.interventure.task.controller.ProductController ---  productRequest=CreateProductRequest(name=nknlkn, price=7.0) : add product called
2023-11-24 20:03:31.138 DEBUG [http-nio-8081-exec-4] com.interventure.task.service.impl.ProductServiceImpl ---  productRequest=CreateProductRequest(name=nknlkn, price=7.0), methodName=createProduct, className=ProductServiceImpl : create product called
2023-11-24 20:03:31.432 INFO  [http-nio-8081-exec-4] com.interventure.task.service.impl.ProductServiceImpl ---  productRequest=CreateProductRequest(name=nknlkn, price=7.0), methodName=send, className=KafkaProducerServiceImpl : Product created 1003
2023-11-24 20:03:31.432 INFO  [http-nio-8081-exec-4] com.interventure.task.aspect.LogAspect ---  duration=302, methodName=send, className=KafkaProducerServiceImpl, productRequest=CreateProductRequest(name=nknlkn, price=7.0) : Event finished.
2023-11-24 20:03:31.565 INFO  [kafka-producer-network-thread | producer-1] com.interventure.task.service.impl.KafkaProducerServiceImpl ---   : Succefuly sent message Message(action=CREATED, product=Product(productId=1003, name=nknlkn, price=7.0)) with offset [2] to topic product-topic
2023-11-24 20:05:18.971 DEBUG [http-nio-8081-exec-6] com.interventure.task.controller.ProductController ---  productRequest=CreateProductRequest(name=787, price=7.0) : add product called
2023-11-24 20:05:18.971 DEBUG [http-nio-8081-exec-6] com.interventure.task.service.impl.ProductServiceImpl ---  productRequest=CreateProductRequest(name=787, price=7.0), methodName=createProduct, className=ProductServiceImpl : create product called
2023-11-24 20:05:18.984 INFO  [http-nio-8081-exec-6] com.interventure.task.service.impl.ProductServiceImpl ---  productRequest=CreateProductRequest(name=787, price=7.0), methodName=send, className=KafkaProducerServiceImpl : Product created 1004
2023-11-24 20:05:18.985 INFO  [http-nio-8081-exec-6] com.interventure.task.aspect.LogAspect ---  duration=14, methodName=send, className=KafkaProducerServiceImpl, productRequest=CreateProductRequest(name=787, price=7.0) : Event finished.
2023-11-24 20:05:18.991 INFO  [kafka-producer-network-thread | producer-1] com.interventure.task.service.impl.KafkaProducerServiceImpl ---   : Succefuly sent message Message(action=CREATED, product=Product(productId=1004, name=787, price=7.0)) with offset [3] to topic product-topic
2023-11-24 20:05:47.357 DEBUG [http-nio-8081-exec-8] com.interventure.task.controller.ProductController ---  productRequest=CreateProductRequest(name=787, price=7.0) : add product called
2023-11-24 20:05:47.358 DEBUG [http-nio-8081-exec-8] com.interventure.task.service.impl.ProductServiceImpl ---  productRequest=CreateProductRequest(name=787, price=7.0), methodName=createProduct, className=ProductServiceImpl : create product called
2023-11-24 20:05:47.373 ERROR [http-nio-8081-exec-8] org.hibernate.engine.jdbc.spi.SqlExceptionHelper ---  productRequest=CreateProductRequest(name=787, price=7.0), methodName=createProduct, className=ProductServiceImpl : Duplicate entry '787' for key 'product.UK_jmivyxk9rmgysrmsqw15lqr5b'
